        -:    0:Source:randomtestcard1.c
        -:    0:Graph:randomtestcard1.gcno
        -:    0:Data:randomtestcard1.gcda
        -:    0:Runs:1
        -:    0:Programs:1
        -:    1://Smithy
        -:    2:
        -:    3:#include "dominion.h"
        -:    4:#include "dominion_helpers.h"
        -:    5:#include "rngs.h"
        -:    6:#include <stdio.h>
        -:    7:#include <math.h>
        -:    8:#include <time.h>
        -:    9:#include <stdlib.h>
        -:   10:#include <stdlib.h>
        -:   11:#include <string.h>
        -:   12:
        -:   13:#define NUM_TESTS 5
        -:   14:#define NUM_ITERATIONS 500
        -:   15:#define MAX_TESTS NUM_TESTS * NUM_ITERATIONS
        -:   16:
function main called 1 returned 100% blocks executed 95%
        1:   17:int main()
        -:   18:{
        -:   19:    //get random number seed
        1:   20:    srand(time(NULL));                          
call    0 returned 100%
call    1 returned 100%
        -:   21:    
        -:   22:    //Keep track of number of Random Tests passes
        1:   23:    int numRandomTestsPassed = 0;
        -:   24:    
        1:   25:    printf("TESTING Smithy\n");
call    0 returned 100%
        -:   26:    
        -:   27:    //Loop number of NUM_ITERATIONS and get a different seed everytime in order to initiate a randomized game each run
        -:   28:    int j;
      501:   29:    for(j = 0; j < NUM_ITERATIONS; j++)
branch  0 taken 99%
branch  1 taken 1% (fallthrough)
        -:   30:    {
        -:   31:        //Variables needed to initialize a game
      500:   32:        int numPlayers = 2;
      500:   33:        int player1 = 0;
      500:   34:        int player2 = 1;
      500:   35:        int kingdomCards[10] = {                               //kingdom cards the game can choose from
        -:   36:            adventurer, 
        -:   37:            gardens, 
        -:   38:            embargo, 
        -:   39:            village, 
        -:   40:            minion, 
        -:   41:            mine, 
        -:   42:            cutpurse,
        -:   43:            sea_hag, 
        -:   44:            tribute, 
        -:   45:            smithy
        -:   46:        };
      500:   47:        int randSeed = rand();
call    0 returned 100%
        -:   48:        struct gameState GState;
        -:   49:        struct gameState oldGState;
        -:   50:        
        -:   51:        //Variables for cardEffect
      500:   52:        int choice1 = 0;
      500:   53:        int choice2 = 0;
      500:   54:        int choice3 = 0;
      500:   55:        int handPos = 0;
      500:   56:        int bonus = 0;
        -:   57:        
        -:   58:        
        -:   59:        //bools for changes in the victory or kingdom piles
        -:   60:        //0 = no differences
        -:   61:        //1 = differences
      500:   62:        int victoryChanges = 0;
      500:   63:        int kingdomChanges = 0;
        -:   64:    
        -:   65:        int i;
        -:   66:        
        -:   67:        
        -:   68:        //Initialize the game
      500:   69:        initializeGame(numPlayers, kingdomCards, randSeed, &GState);
call    0 returned 100%
        -:   70:        
        -:   71:        //TESTING SMITHY
        -:   72:        //Valid unit tests because it tests:
        -:   73:        //1. Current player should receive exact 3 cards then discard.
        -:   74:        //2. Cards should come from own draw pile
        -:   75:        //3. No state change should occur for other players.
        -:   76:        //4. No state change should occur to the victory card piles 
        -:   77:        //5. No state change should occur to the kingdom card piles.
        -:   78:        //Note: Test cases provided by professor
        -:   79:        //printf("TESTING Smithy\n");
        -:   80:        
        -:   81:        //TEST 1: Ensure Current player receives 3 cards then discards
        -:   82:        
        -:   83:        // copy the game state to a test case
      500:   84:    	memcpy(&oldGState, &GState, sizeof(struct gameState));
        -:   85:    	
        -:   86:    	//Note: Smithy is refactored into it's own function that is called from within cardEffect
        -:   87:    	//Note: Assignment 2 a bug was placed here that gave the player 5 cards instead of 3, so this test should fail
      500:   88:    	cardEffect(smithy, choice1, choice2, choice3, &GState, handPos, &bonus);
call    0 returned 100%
      500:   89:    	if(GState.handCount[player1] == oldGState.handCount[player1] + 3 - 1)   //+3 cards from draw then -1 discard
branch  0 taken 100% (fallthrough)
branch  1 taken 0%
        -:   90:    	{
        -:   91:    	    //printf("TEST 1: PASSED with correct number of cards in hand\n");
      500:   92:    	    numRandomTestsPassed++;
        -:   93:    	}
        -:   94:    	else
        -:   95:    	{
        -:   96:    	    //printf("TEST 1: FAILED with correct number of cards not in hand\n");
        -:   97:    	}
        -:   98:    	
        -:   99:    	//TEST 2: 3 cards should be removed from player's own pile
        -:  100:    	
        -:  101:    	// copy the game state to a test case
      500:  102:    	memcpy(&oldGState, &GState, sizeof(struct gameState));
        -:  103:    	
        -:  104:    	//Note: Assignment 2 a bug was placed here that gave the player 5 cards instead of 3, so this test should fail
      500:  105:    	cardEffect(smithy, choice1, choice2, choice3, &GState, handPos, &bonus);
call    0 returned 100%
      500:  106:    	if(GState.deckCount[player1] == oldGState.deckCount[player1] - 3 + 1)
branch  0 taken 100% (fallthrough)
branch  1 taken 0%
        -:  107:    	{
        -:  108:    	    //printf("TEST 2: PASSED with -3 cards in deck\n");
      500:  109:    	    numRandomTestsPassed++;
        -:  110:    	}
        -:  111:    	else
        -:  112:    	{
        -:  113:    	    //printf("TEST 2: FAILED with -3 cards not in deck\n");
        -:  114:    	}
        -:  115:    	
        -:  116:    	//TEST 3: Ensure no state change for other players
        -:  117:    	
        -:  118:    	// copy the game state to a test case
      500:  119:    	memcpy(&oldGState, &GState, sizeof(struct gameState));
        -:  120:    	
      500:  121:    	cardEffect(smithy, choice1, choice2, choice3, &GState, handPos, &bonus);
call    0 returned 100%
        -:  122:    	
        -:  123:    	//Check player 2's deck and hand to make sure no change was made between states
      500:  124:    	if(GState.handCount[player2] == oldGState.handCount[player2] && GState.deckCount[player2] == oldGState.deckCount[player2])
branch  0 taken 100% (fallthrough)
branch  1 taken 0%
branch  2 taken 100% (fallthrough)
branch  3 taken 0%
        -:  125:    	{
        -:  126:    	    //printf("TEST 3: PASSED with no change in other players\n");
      500:  127:    	    numRandomTestsPassed++;
        -:  128:    	}
        -:  129:    	else
        -:  130:    	{
        -:  131:    	    //printf("TEST 3: FAILED with change in other players\n");
        -:  132:    	}
        -:  133:    	    
        -:  134:    	    
        -:  135:    	//TEST 4: No state change should occur to the victory card piles
        -:  136:    	
        -:  137:    	// copy the game state to a test case
      500:  138:    	memcpy(&oldGState, &GState, sizeof(struct gameState));
        -:  139:    	
      500:  140:    	cardEffect(smithy, choice1, choice2, choice3, &GState, handPos, &bonus);
call    0 returned 100%
        -:  141:    
        -:  142:    	
        -:  143:    	//Check state of victory cards (1-3 in the supply count)
     2000:  144:    	for(i = 1; i < 4; i++)
branch  0 taken 75%
branch  1 taken 25% (fallthrough)
        -:  145:    	{
     1500:  146:    	    if(GState.supplyCount[i] != oldGState.supplyCount[i])
branch  0 taken 0% (fallthrough)
branch  1 taken 100%
        -:  147:    	    {
        -:  148:    	        //indicate changes in victory pile if states do not match
    #####:  149:    	        victoryChanges = 1;
        -:  150:    	    }
        -:  151:    	}
        -:  152:    	
      500:  153:    	if(victoryChanges == 0)
branch  0 taken 100% (fallthrough)
branch  1 taken 0%
        -:  154:    	{
        -:  155:    	    //printf("TEST 4: PASSED with no change in the victory cards\n");
      500:  156:    	    numRandomTestsPassed++;
        -:  157:    	}
        -:  158:    	else
        -:  159:    	{
        -:  160:    	    //printf("TEST 4: FAILED with change in the victory cards");
        -:  161:    	}
        -:  162:    	
        -:  163:    	//TEST 5: No state change should occur to the kingdom card piles.
        -:  164:    	
        -:  165:    	// copy the game state to a test case
      500:  166:    	memcpy(&oldGState, &GState, sizeof(struct gameState));
        -:  167:    	
      500:  168:    	cardEffect(smithy, choice1, choice2, choice3, &GState, handPos, &bonus);
call    0 returned 100%
        -:  169:    	
        -:  170:    	//Check state of kingdom cards (7-27 in the supply count)
    10500:  171:    	for(i = 7; i < 27; i++)
branch  0 taken 95%
branch  1 taken 5% (fallthrough)
        -:  172:    	{
    10000:  173:    	    if(GState.supplyCount[i] != oldGState.supplyCount[i])
branch  0 taken 0% (fallthrough)
branch  1 taken 100%
        -:  174:    	    {
        -:  175:    	        //indicate changes in victory pile if states do not match
    #####:  176:    	        kingdomChanges = 1;
        -:  177:    	    }
        -:  178:    	}
        -:  179:    	
      500:  180:    	if(kingdomChanges == 0)
branch  0 taken 100% (fallthrough)
branch  1 taken 0%
        -:  181:    	{
        -:  182:    	    //printf("TEST 5: PASSED with no change in the kingdom cards\n");
      500:  183:    	    numRandomTestsPassed++;
        -:  184:    	}
        -:  185:    	else
        -:  186:    	{
        -:  187:    	    //printf("TEST 5: FAILED with change in the kingdom cards");
        -:  188:    	}
        -:  189:    }
        -:  190:    
        1:  191:    printf("\n\nTESTING COMPLETE.\n%d RANDOM TESTS PASSED OUT OF %d TOTAL RANDOM TESTS\n\n\n", numRandomTestsPassed, MAX_TESTS);
call    0 returned 100%
        -:  192:    
        -:  193:    
        1:  194:    return 0;
        -:  195:}
